2020/06/05 12:43:27 [error] [exception.CException] CException: La propiedad "PermisosController"."title" no se encuentra definida. in /var/www/html/yii/framework/base/CComponent.php:173
Stack trace:
#0 /var/www/html/tareas/protected/views/permisos/index.php(4): CComponent->__set('title', 'Permisos')
#1 /var/www/html/yii/framework/web/CBaseController.php(126): require('/var/www/html/t...')
#2 /var/www/html/yii/framework/web/CBaseController.php(95): CBaseController->renderInternal('/var/www/html/t...', Array, true)
#3 /var/www/html/yii/framework/web/CController.php(872): CBaseController->renderFile('/var/www/html/t...', Array, true)
#4 /var/www/html/yii/framework/web/CController.php(785): CController->renderPartial('index', Array, true)
#5 /var/www/html/tareas/protected/controllers/PermisosController.php(141): CController->render('index', Array)
#6 /var/www/html/yii/framework/web/actions/CInlineAction.php(49): PermisosController->actionIndex()
#7 /var/www/html/yii/framework/web/CController.php(308): CInlineAction->runWithParams(Array)
#8 /var/www/html/yii/framework/web/filters/CFilterChain.php(134): CController->runAction(Object(CInlineAction))
#9 /var/www/html/yii/framework/web/filters/CFilter.php(40): CFilterChain->run()
#10 /var/www/html/yii/framework/web/CController.php(1148): CFilter->filter(Object(CFilterChain))
#11 /var/www/html/yii/framework/web/filters/CInlineFilter.php(58): CController->filterAccessControl(Object(CFilterChain))
#12 /var/www/html/yii/framework/web/filters/CFilterChain.php(131): CInlineFilter->filter(Object(CFilterChain))
#13 /var/www/html/yii/framework/web/CController.php(291): CFilterChain->run()
#14 /var/www/html/yii/framework/web/CController.php(265): CController->runActionWithFilters(Object(CInlineAction), Array)
#15 /var/www/html/yii/framework/web/CWebApplication.php(282): CController->run('index')
#16 /var/www/html/yii/framework/web/CWebApplication.php(141): CWebApplication->runController('permisos/index')
#17 /var/www/html/yii/framework/base/CApplication.php(185): CWebApplication->processRequest()
#18 /var/www/html/tareas/index.php(13): CApplication->run()
#19 {main}
REQUEST_URI=/tareas/permisos/index
HTTP_REFERER=http://localhost/tareas/
---
2020/06/05 12:50:19 [error] [exception.CHttpException.404] CHttpException: No es posible resolver la solicitud "usuarioPaciente/index" in /var/www/html/yii/framework/web/CWebApplication.php:286
Stack trace:
#0 /var/www/html/yii/framework/web/CWebApplication.php(141): CWebApplication->runController('usuarioPaciente...')
#1 /var/www/html/yii/framework/base/CApplication.php(185): CWebApplication->processRequest()
#2 /var/www/html/tareas/index.php(13): CApplication->run()
#3 {main}
REQUEST_URI=/tareas/usuarioPaciente/index
HTTP_REFERER=http://localhost/tareas/permisos/index
---
2020/06/05 12:51:39 [error] [php] include(DatosGenerales.php): failed to open stream: No such file or directory (/var/www/html/yii/framework/YiiBase.php:432)
Stack trace:
#0 /var/www/html/yii/framework/db/ar/CActiveRecord.php(397): spl_autoload_call()
#1 /var/www/html/yii/framework/db/ar/CActiveFinder.php(182): model()
#2 /var/www/html/yii/framework/db/ar/CActiveFinder.php(231): CActiveFinder->getModel()
#3 /var/www/html/yii/framework/db/ar/CActiveFinder.php(300): CActiveFinder->buildJoinTree()
#4 /var/www/html/yii/framework/db/ar/CActiveFinder.php(48): CActiveFinder->buildJoinTree()
#5 /var/www/html/yii/framework/db/ar/CActiveRecord.php(915): CActiveFinder->__construct()
#6 /var/www/html/yii/framework/db/ar/CActiveRecord.php(1363): Usuario->getActiveFinder()
#7 /var/www/html/yii/framework/db/ar/CActiveRecord.php(1478): Usuario->query()
#8 /var/www/html/tareas/protected/controllers/UsuarioPacienteController.php(280): Usuario->findAll()
#9 /var/www/html/yii/framework/web/actions/CInlineAction.php(49): UsuarioPacienteController->actionIndex()
#10 /var/www/html/yii/framework/web/CController.php(308): CInlineAction->runWithParams()
#11 /var/www/html/yii/framework/web/filters/CFilterChain.php(134): UsuarioPacienteController->runAction()
#12 /var/www/html/yii/framework/web/filters/CFilter.php(40): CFilterChain->run()
#13 /var/www/html/yii/framework/web/CController.php(1148): CAccessControlFilter->filter()
#14 /var/www/html/yii/framework/web/filters/CInlineFilter.php(58): UsuarioPacienteController->filterAccessControl()
#15 /var/www/html/yii/framework/web/filters/CFilterChain.php(131): CInlineFilter->filter()
#16 /var/www/html/yii/framework/web/CController.php(291): CFilterChain->run()
#17 /var/www/html/yii/framework/web/CController.php(265): UsuarioPacienteController->runActionWithFilters()
#18 /var/www/html/yii/framework/web/CWebApplication.php(282): UsuarioPacienteController->run()
#19 /var/www/html/yii/framework/web/CWebApplication.php(141): CWebApplication->runController()
#20 /var/www/html/yii/framework/base/CApplication.php(185): CWebApplication->processRequest()
#21 /var/www/html/tareas/index.php(13): CWebApplication->run()
REQUEST_URI=/tareas/usuarioPaciente/index
in /var/www/html/tareas/protected/controllers/UsuarioPacienteController.php (280)
in /var/www/html/tareas/index.php (13)
2020/06/05 13:05:45 [error] [exception.CException] CException: La propiedad "CWebApplication"."DataSelects" no se encuentra definida. in /var/www/html/yii/framework/base/CComponent.php:130
Stack trace:
#0 /var/www/html/yii/framework/base/CModule.php(105): CComponent->__get('DataSelects')
#1 /var/www/html/tareas/protected/views/permisos/_form.php(111): CModule->__get('DataSelects')
#2 /var/www/html/yii/framework/web/CBaseController.php(126): require('/var/www/html/t...')
#3 /var/www/html/yii/framework/web/CBaseController.php(95): CBaseController->renderInternal('/var/www/html/t...', Array, true)
#4 /var/www/html/yii/framework/web/CController.php(872): CBaseController->renderFile('/var/www/html/t...', Array, true)
#5 /var/www/html/tareas/protected/views/permisos/update.php(11): CController->renderPartial('_form', Array)
#6 /var/www/html/yii/framework/web/CBaseController.php(126): require('/var/www/html/t...')
#7 /var/www/html/yii/framework/web/CBaseController.php(95): CBaseController->renderInternal('/var/www/html/t...', Array, true)
#8 /var/www/html/yii/framework/web/CController.php(872): CBaseController->renderFile('/var/www/html/t...', Array, true)
#9 /var/www/html/yii/framework/web/CController.php(785): CController->renderPartial('update', Array, true)
#10 /var/www/html/tareas/protected/controllers/PermisosController.php(106): CController->render('update', Array)
#11 [internal function]: PermisosController->actionUpdate('19')
#12 /var/www/html/yii/framework/web/actions/CAction.php(109): ReflectionMethod->invokeArgs(Object(PermisosController), Array)
#13 /var/www/html/yii/framework/web/actions/CInlineAction.php(47): CAction->runWithParamsInternal(Object(PermisosController), Object(ReflectionMethod), Array)
#14 /var/www/html/yii/framework/web/CController.php(308): CInlineAction->runWithParams(Array)
#15 /var/www/html/yii/framework/web/filters/CFilterChain.php(134): CController->runAction(Object(CInlineAction))
#16 /var/www/html/yii/framework/web/filters/CFilter.php(40): CFilterChain->run()
#17 /var/www/html/yii/framework/web/CController.php(1148): CFilter->filter(Object(CFilterChain))
#18 /var/www/html/yii/framework/web/filters/CInlineFilter.php(58): CController->filterAccessControl(Object(CFilterChain))
#19 /var/www/html/yii/framework/web/filters/CFilterChain.php(131): CInlineFilter->filter(Object(CFilterChain))
#20 /var/www/html/yii/framework/web/CController.php(291): CFilterChain->run()
#21 /var/www/html/yii/framework/web/CController.php(265): CController->runActionWithFilters(Object(CInlineAction), Array)
#22 /var/www/html/yii/framework/web/CWebApplication.php(282): CController->run('update')
#23 /var/www/html/yii/framework/web/CWebApplication.php(141): CWebApplication->runController('permisos/update')
#24 /var/www/html/yii/framework/base/CApplication.php(185): CWebApplication->processRequest()
#25 /var/www/html/tareas/index.php(13): CApplication->run()
#26 {main}
REQUEST_URI=/tareas/permisos/update/19
HTTP_REFERER=http://localhost/tareas/permisos/index
---
2020/06/05 13:09:49 [error] [php] Trying to get property 'permisos' of non-object (/var/www/html/tareas/protected/controllers/UsuarioController.php:28)
Stack trace:
#0 /var/www/html/yii/framework/web/filters/CFilterChain.php(131): CInlineFilter->filter()
#1 /var/www/html/yii/framework/web/CController.php(291): CFilterChain->run()
#2 /var/www/html/yii/framework/web/CController.php(265): UsuarioController->runActionWithFilters()
#3 /var/www/html/yii/framework/web/CWebApplication.php(282): UsuarioController->run()
#4 /var/www/html/yii/framework/web/CWebApplication.php(141): CWebApplication->runController()
#5 /var/www/html/yii/framework/base/CApplication.php(185): CWebApplication->processRequest()
#6 /var/www/html/tareas/index.php(13): CWebApplication->run()
REQUEST_URI=/tareas/usuario/index
in /var/www/html/tareas/protected/controllers/UsuarioController.php (28)
in /var/www/html/tareas/index.php (13)
2020/06/05 13:36:26 [error] [php] Trying to get property 'permisos' of non-object (/var/www/html/tareas/protected/controllers/UsuarioController.php:28)
Stack trace:
#0 /var/www/html/yii/framework/web/filters/CFilterChain.php(131): CInlineFilter->filter()
#1 /var/www/html/yii/framework/web/CController.php(291): CFilterChain->run()
#2 /var/www/html/yii/framework/web/CController.php(265): UsuarioController->runActionWithFilters()
#3 /var/www/html/yii/framework/web/CWebApplication.php(282): UsuarioController->run()
#4 /var/www/html/yii/framework/web/CWebApplication.php(141): CWebApplication->runController()
#5 /var/www/html/yii/framework/base/CApplication.php(185): CWebApplication->processRequest()
#6 /var/www/html/tareas/index.php(13): CWebApplication->run()
REQUEST_URI=/tareas/usuario/index
in /var/www/html/tareas/protected/controllers/UsuarioController.php (28)
in /var/www/html/tareas/index.php (13)
2020/06/05 13:43:23 [error] [exception.CException] CException: La propiedad "UsuarioController"."id_usuario" no se encuentra definida. in /var/www/html/yii/framework/base/CComponent.php:130
Stack trace:
#0 /var/www/html/tareas/protected/controllers/UsuarioController.php(31): CComponent->__get('id_usuario')
#1 /var/www/html/yii/framework/web/CController.php(1147): UsuarioController->accessRules()
#2 /var/www/html/yii/framework/web/filters/CInlineFilter.php(58): CController->filterAccessControl(Object(CFilterChain))
#3 /var/www/html/yii/framework/web/filters/CFilterChain.php(131): CInlineFilter->filter(Object(CFilterChain))
#4 /var/www/html/yii/framework/web/CController.php(291): CFilterChain->run()
#5 /var/www/html/yii/framework/web/CController.php(265): CController->runActionWithFilters(Object(CInlineAction), Array)
#6 /var/www/html/yii/framework/web/CWebApplication.php(282): CController->run('index')
#7 /var/www/html/yii/framework/web/CWebApplication.php(141): CWebApplication->runController('usuario/index')
#8 /var/www/html/yii/framework/base/CApplication.php(185): CWebApplication->processRequest()
#9 /var/www/html/tareas/index.php(13): CApplication->run()
#10 {main}
REQUEST_URI=/tareas/usuario/index
---
2020/06/05 13:44:08 [error] [php] include(PermisosController.php): failed to open stream: No such file or directory (/var/www/html/yii/framework/YiiBase.php:432)
Stack trace:
#0 /var/www/html/tareas/protected/controllers/UsuarioController.php(209): spl_autoload_call()
#1 /var/www/html/yii/framework/web/actions/CInlineAction.php(49): UsuarioController->actionIndex()
#2 /var/www/html/yii/framework/web/CController.php(308): CInlineAction->runWithParams()
#3 /var/www/html/yii/framework/web/filters/CFilterChain.php(134): UsuarioController->runAction()
#4 /var/www/html/yii/framework/web/filters/CFilter.php(40): CFilterChain->run()
#5 /var/www/html/yii/framework/web/CController.php(1148): CAccessControlFilter->filter()
#6 /var/www/html/yii/framework/web/filters/CInlineFilter.php(58): UsuarioController->filterAccessControl()
#7 /var/www/html/yii/framework/web/filters/CFilterChain.php(131): CInlineFilter->filter()
#8 /var/www/html/yii/framework/web/CController.php(291): CFilterChain->run()
#9 /var/www/html/yii/framework/web/CController.php(265): UsuarioController->runActionWithFilters()
#10 /var/www/html/yii/framework/web/CWebApplication.php(282): UsuarioController->run()
#11 /var/www/html/yii/framework/web/CWebApplication.php(141): CWebApplication->runController()
#12 /var/www/html/yii/framework/base/CApplication.php(185): CWebApplication->processRequest()
#13 /var/www/html/tareas/index.php(13): CWebApplication->run()
REQUEST_URI=/tareas/usuario/index
in /var/www/html/tareas/protected/controllers/UsuarioController.php (209)
in /var/www/html/tareas/index.php (13)
2020/06/05 13:46:36 [error] [php] include(PermisosController.php): failed to open stream: No such file or directory (/var/www/html/yii/framework/YiiBase.php:432)
Stack trace:
#0 /var/www/html/tareas/protected/controllers/UsuarioController.php(209): spl_autoload_call()
#1 /var/www/html/yii/framework/web/actions/CInlineAction.php(49): UsuarioController->actionIndex()
#2 /var/www/html/yii/framework/web/CController.php(308): CInlineAction->runWithParams()
#3 /var/www/html/yii/framework/web/filters/CFilterChain.php(134): UsuarioController->runAction()
#4 /var/www/html/yii/framework/web/filters/CFilter.php(40): CFilterChain->run()
#5 /var/www/html/yii/framework/web/CController.php(1148): CAccessControlFilter->filter()
#6 /var/www/html/yii/framework/web/filters/CInlineFilter.php(58): UsuarioController->filterAccessControl()
#7 /var/www/html/yii/framework/web/filters/CFilterChain.php(131): CInlineFilter->filter()
#8 /var/www/html/yii/framework/web/CController.php(291): CFilterChain->run()
#9 /var/www/html/yii/framework/web/CController.php(265): UsuarioController->runActionWithFilters()
#10 /var/www/html/yii/framework/web/CWebApplication.php(282): UsuarioController->run()
#11 /var/www/html/yii/framework/web/CWebApplication.php(141): CWebApplication->runController()
#12 /var/www/html/yii/framework/base/CApplication.php(185): CWebApplication->processRequest()
#13 /var/www/html/tareas/index.php(13): CWebApplication->run()
REQUEST_URI=/tareas/usuario/index
in /var/www/html/tareas/protected/controllers/UsuarioController.php (209)
in /var/www/html/tareas/index.php (13)
2020/06/05 13:47:47 [error] [php] include(PermisosController.php): failed to open stream: No such file or directory (/var/www/html/yii/framework/YiiBase.php:432)
Stack trace:
#0 /var/www/html/tareas/protected/controllers/UsuarioController.php(209): spl_autoload_call()
#1 /var/www/html/yii/framework/web/actions/CInlineAction.php(49): UsuarioController->actionIndex()
#2 /var/www/html/yii/framework/web/CController.php(308): CInlineAction->runWithParams()
#3 /var/www/html/yii/framework/web/filters/CFilterChain.php(134): UsuarioController->runAction()
#4 /var/www/html/yii/framework/web/filters/CFilter.php(40): CFilterChain->run()
#5 /var/www/html/yii/framework/web/CController.php(1148): CAccessControlFilter->filter()
#6 /var/www/html/yii/framework/web/filters/CInlineFilter.php(58): UsuarioController->filterAccessControl()
#7 /var/www/html/yii/framework/web/filters/CFilterChain.php(131): CInlineFilter->filter()
#8 /var/www/html/yii/framework/web/CController.php(291): CFilterChain->run()
#9 /var/www/html/yii/framework/web/CController.php(265): UsuarioController->runActionWithFilters()
#10 /var/www/html/yii/framework/web/CWebApplication.php(282): UsuarioController->run()
#11 /var/www/html/yii/framework/web/CWebApplication.php(141): CWebApplication->runController()
#12 /var/www/html/yii/framework/base/CApplication.php(185): CWebApplication->processRequest()
#13 /var/www/html/tareas/index.php(13): CWebApplication->run()
REQUEST_URI=/tareas/usuario/index
in /var/www/html/tareas/protected/controllers/UsuarioController.php (209)
in /var/www/html/tareas/index.php (13)
2020/06/05 13:49:24 [error] [php] include(PermisosController.php): failed to open stream: No such file or directory (/var/www/html/yii/framework/YiiBase.php:432)
Stack trace:
#0 /var/www/html/tareas/protected/controllers/UsuarioController.php(210): spl_autoload_call()
#1 /var/www/html/yii/framework/web/actions/CInlineAction.php(49): UsuarioController->actionIndex()
#2 /var/www/html/yii/framework/web/CController.php(308): CInlineAction->runWithParams()
#3 /var/www/html/yii/framework/web/filters/CFilterChain.php(134): UsuarioController->runAction()
#4 /var/www/html/yii/framework/web/filters/CFilter.php(40): CFilterChain->run()
#5 /var/www/html/yii/framework/web/CController.php(1148): CAccessControlFilter->filter()
#6 /var/www/html/yii/framework/web/filters/CInlineFilter.php(58): UsuarioController->filterAccessControl()
#7 /var/www/html/yii/framework/web/filters/CFilterChain.php(131): CInlineFilter->filter()
#8 /var/www/html/yii/framework/web/CController.php(291): CFilterChain->run()
#9 /var/www/html/yii/framework/web/CController.php(265): UsuarioController->runActionWithFilters()
#10 /var/www/html/yii/framework/web/CWebApplication.php(282): UsuarioController->run()
#11 /var/www/html/yii/framework/web/CWebApplication.php(141): CWebApplication->runController()
#12 /var/www/html/yii/framework/base/CApplication.php(185): CWebApplication->processRequest()
#13 /var/www/html/tareas/index.php(13): CWebApplication->run()
REQUEST_URI=/tareas/usuario/index
in /var/www/html/tareas/protected/controllers/UsuarioController.php (210)
in /var/www/html/tareas/index.php (13)
2020/06/05 13:50:51 [error] [php] include(PermisosController.php): failed to open stream: No such file or directory (/var/www/html/yii/framework/YiiBase.php:432)
Stack trace:
#0 /var/www/html/tareas/protected/controllers/UsuarioController.php(210): spl_autoload_call()
#1 /var/www/html/yii/framework/web/actions/CInlineAction.php(49): UsuarioController->actionIndex()
#2 /var/www/html/yii/framework/web/CController.php(308): CInlineAction->runWithParams()
#3 /var/www/html/yii/framework/web/filters/CFilterChain.php(134): UsuarioController->runAction()
#4 /var/www/html/yii/framework/web/filters/CFilter.php(40): CFilterChain->run()
#5 /var/www/html/yii/framework/web/CController.php(1148): CAccessControlFilter->filter()
#6 /var/www/html/yii/framework/web/filters/CInlineFilter.php(58): UsuarioController->filterAccessControl()
#7 /var/www/html/yii/framework/web/filters/CFilterChain.php(131): CInlineFilter->filter()
#8 /var/www/html/yii/framework/web/CController.php(291): CFilterChain->run()
#9 /var/www/html/yii/framework/web/CController.php(265): UsuarioController->runActionWithFilters()
#10 /var/www/html/yii/framework/web/CWebApplication.php(282): UsuarioController->run()
#11 /var/www/html/yii/framework/web/CWebApplication.php(141): CWebApplication->runController()
#12 /var/www/html/yii/framework/base/CApplication.php(185): CWebApplication->processRequest()
#13 /var/www/html/tareas/index.php(13): CWebApplication->run()
REQUEST_URI=/tareas/usuario/index
in /var/www/html/tareas/protected/controllers/UsuarioController.php (210)
in /var/www/html/tareas/index.php (13)
2020/06/05 13:51:38 [error] [exception.CException] CException: La propiedad "Usuario"."id_usuario" no se encuentra definida. in /var/www/html/yii/framework/base/CComponent.php:130
Stack trace:
#0 /var/www/html/yii/framework/db/ar/CActiveRecord.php(145): CComponent->__get('id_usuario')
#1 /var/www/html/tareas/protected/views/usuario/index.php(101): CActiveRecord->__get('id_usuario')
#2 /var/www/html/yii/framework/web/CBaseController.php(126): require('/var/www/html/t...')
#3 /var/www/html/yii/framework/web/CBaseController.php(95): CBaseController->renderInternal('/var/www/html/t...', Array, true)
#4 /var/www/html/yii/framework/web/CController.php(872): CBaseController->renderFile('/var/www/html/t...', Array, true)
#5 /var/www/html/yii/framework/web/CController.php(785): CController->renderPartial('index', Array, true)
#6 /var/www/html/tareas/protected/controllers/UsuarioController.php(221): CController->render('index', Array)
#7 /var/www/html/yii/framework/web/actions/CInlineAction.php(49): UsuarioController->actionIndex()
#8 /var/www/html/yii/framework/web/CController.php(308): CInlineAction->runWithParams(Array)
#9 /var/www/html/yii/framework/web/filters/CFilterChain.php(134): CController->runAction(Object(CInlineAction))
#10 /var/www/html/yii/framework/web/filters/CFilter.php(40): CFilterChain->run()
#11 /var/www/html/yii/framework/web/CController.php(1148): CFilter->filter(Object(CFilterChain))
#12 /var/www/html/yii/framework/web/filters/CInlineFilter.php(58): CController->filterAccessControl(Object(CFilterChain))
#13 /var/www/html/yii/framework/web/filters/CFilterChain.php(131): CInlineFilter->filter(Object(CFilterChain))
#14 /var/www/html/yii/framework/web/CController.php(291): CFilterChain->run()
#15 /var/www/html/yii/framework/web/CController.php(265): CController->runActionWithFilters(Object(CInlineAction), Array)
#16 /var/www/html/yii/framework/web/CWebApplication.php(282): CController->run('index')
#17 /var/www/html/yii/framework/web/CWebApplication.php(141): CWebApplication->runController('usuario/index')
#18 /var/www/html/yii/framework/base/CApplication.php(185): CWebApplication->processRequest()
#19 /var/www/html/tareas/index.php(13): CApplication->run()
#20 {main}
REQUEST_URI=/tareas/usuario/index
---
2020/06/05 13:52:17 [error] [exception.CException] CException: La propiedad "Usuario"."id_usuario" no se encuentra definida. in /var/www/html/yii/framework/base/CComponent.php:130
Stack trace:
#0 /var/www/html/yii/framework/db/ar/CActiveRecord.php(145): CComponent->__get('id_usuario')
#1 /var/www/html/tareas/protected/views/usuario/view.php(34): CActiveRecord->__get('id_usuario')
#2 /var/www/html/yii/framework/web/CBaseController.php(126): require('/var/www/html/t...')
#3 /var/www/html/yii/framework/web/CBaseController.php(95): CBaseController->renderInternal('/var/www/html/t...', Array, true)
#4 /var/www/html/yii/framework/web/CController.php(872): CBaseController->renderFile('/var/www/html/t...', Array, true)
#5 /var/www/html/yii/framework/web/CController.php(785): CController->renderPartial('view', Array, true)
#6 /var/www/html/tareas/protected/controllers/UsuarioController.php(61): CController->render('view', Array)
#7 [internal function]: UsuarioController->actionView('2')
#8 /var/www/html/yii/framework/web/actions/CAction.php(109): ReflectionMethod->invokeArgs(Object(UsuarioController), Array)
#9 /var/www/html/yii/framework/web/actions/CInlineAction.php(47): CAction->runWithParamsInternal(Object(UsuarioController), Object(ReflectionMethod), Array)
#10 /var/www/html/yii/framework/web/CController.php(308): CInlineAction->runWithParams(Array)
#11 /var/www/html/yii/framework/web/filters/CFilterChain.php(134): CController->runAction(Object(CInlineAction))
#12 /var/www/html/yii/framework/web/filters/CFilter.php(40): CFilterChain->run()
#13 /var/www/html/yii/framework/web/CController.php(1148): CFilter->filter(Object(CFilterChain))
#14 /var/www/html/yii/framework/web/filters/CInlineFilter.php(58): CController->filterAccessControl(Object(CFilterChain))
#15 /var/www/html/yii/framework/web/filters/CFilterChain.php(131): CInlineFilter->filter(Object(CFilterChain))
#16 /var/www/html/yii/framework/web/CController.php(291): CFilterChain->run()
#17 /var/www/html/yii/framework/web/CController.php(265): CController->runActionWithFilters(Object(CInlineAction), Array)
#18 /var/www/html/yii/framework/web/CWebApplication.php(282): CController->run('view')
#19 /var/www/html/yii/framework/web/CWebApplication.php(141): CWebApplication->runController('usuario/view')
#20 /var/www/html/yii/framework/base/CApplication.php(185): CWebApplication->processRequest()
#21 /var/www/html/tareas/index.php(13): CApplication->run()
#22 {main}
REQUEST_URI=/tareas/usuario/2
HTTP_REFERER=http://localhost/tareas/usuario/index
---
2020/06/05 13:52:30 [error] [exception.CException] CException: La propiedad "Usuario"."id_usuario" no se encuentra definida. in /var/www/html/yii/framework/base/CComponent.php:130
Stack trace:
#0 /var/www/html/yii/framework/db/ar/CActiveRecord.php(145): CComponent->__get('id_usuario')
#1 /var/www/html/tareas/protected/views/usuario/view.php(34): CActiveRecord->__get('id_usuario')
#2 /var/www/html/yii/framework/web/CBaseController.php(126): require('/var/www/html/t...')
#3 /var/www/html/yii/framework/web/CBaseController.php(95): CBaseController->renderInternal('/var/www/html/t...', Array, true)
#4 /var/www/html/yii/framework/web/CController.php(872): CBaseController->renderFile('/var/www/html/t...', Array, true)
#5 /var/www/html/yii/framework/web/CController.php(785): CController->renderPartial('view', Array, true)
#6 /var/www/html/tareas/protected/controllers/UsuarioController.php(61): CController->render('view', Array)
#7 [internal function]: UsuarioController->actionView('2')
#8 /var/www/html/yii/framework/web/actions/CAction.php(109): ReflectionMethod->invokeArgs(Object(UsuarioController), Array)
#9 /var/www/html/yii/framework/web/actions/CInlineAction.php(47): CAction->runWithParamsInternal(Object(UsuarioController), Object(ReflectionMethod), Array)
#10 /var/www/html/yii/framework/web/CController.php(308): CInlineAction->runWithParams(Array)
#11 /var/www/html/yii/framework/web/filters/CFilterChain.php(134): CController->runAction(Object(CInlineAction))
#12 /var/www/html/yii/framework/web/filters/CFilter.php(40): CFilterChain->run()
#13 /var/www/html/yii/framework/web/CController.php(1148): CFilter->filter(Object(CFilterChain))
#14 /var/www/html/yii/framework/web/filters/CInlineFilter.php(58): CController->filterAccessControl(Object(CFilterChain))
#15 /var/www/html/yii/framework/web/filters/CFilterChain.php(131): CInlineFilter->filter(Object(CFilterChain))
#16 /var/www/html/yii/framework/web/CController.php(291): CFilterChain->run()
#17 /var/www/html/yii/framework/web/CController.php(265): CController->runActionWithFilters(Object(CInlineAction), Array)
#18 /var/www/html/yii/framework/web/CWebApplication.php(282): CController->run('view')
#19 /var/www/html/yii/framework/web/CWebApplication.php(141): CWebApplication->runController('usuario/view')
#20 /var/www/html/yii/framework/base/CApplication.php(185): CWebApplication->processRequest()
#21 /var/www/html/tareas/index.php(13): CApplication->run()
#22 {main}
REQUEST_URI=/tareas/usuario/2
HTTP_REFERER=http://localhost/tareas/usuario/index
---
2020/06/05 13:54:38 [error] [exception.CHttpException.404] CHttpException: No es posible resolver la solicitud "activeRecordLog/index" in /var/www/html/yii/framework/web/CWebApplication.php:286
Stack trace:
#0 /var/www/html/yii/framework/web/CWebApplication.php(141): CWebApplication->runController('activeRecordLog...')
#1 /var/www/html/yii/framework/base/CApplication.php(185): CWebApplication->processRequest()
#2 /var/www/html/tareas/index.php(13): CApplication->run()
#3 {main}
REQUEST_URI=/tareas/activeRecordLog/index
HTTP_REFERER=http://localhost/tareas/rol/2
---
2020/06/05 13:56:20 [error] [system.db.CDbCommand] CDbCommand::fetchAll() falló: SQLSTATE[42S02]: Base table or view not found: 1146 Table 'tarea.activerecordlog' doesn't exist. La sentencia SQL ejecutada fue: SHOW FULL COLUMNS FROM `activerecordlog`.
in /var/www/html/tareas/protected/controllers/ActiveRecordLogController.php (128)
in /var/www/html/tareas/index.php (13)
2020/06/05 13:56:20 [error] [exception.CDbException] CDbException: La tabla "activerecordlog" definida en la clase active record "ActiveRecordLog" no se ha podido encontrar en la base de datos. in /var/www/html/yii/framework/db/ar/CActiveRecord.php:2390
Stack trace:
#0 /var/www/html/yii/framework/db/ar/CActiveRecord.php(413): CActiveRecordMetaData->__construct(Object(ActiveRecordLog))
#1 /var/www/html/yii/framework/db/ar/CActiveRecord.php(663): CActiveRecord->getMetaData()
#2 /var/www/html/yii/framework/db/ar/CActiveRecord.php(1358): CActiveRecord->getTableSchema()
#3 /var/www/html/yii/framework/db/ar/CActiveRecord.php(1478): CActiveRecord->query(Object(CDbCriteria), true)
#4 /var/www/html/tareas/protected/controllers/ActiveRecordLogController.php(128): CActiveRecord->findAll(Object(CDbCriteria))
#5 /var/www/html/yii/framework/web/actions/CInlineAction.php(49): ActiveRecordLogController->actionIndex()
#6 /var/www/html/yii/framework/web/CController.php(308): CInlineAction->runWithParams(Array)
#7 /var/www/html/yii/framework/web/filters/CFilterChain.php(134): CController->runAction(Object(CInlineAction))
#8 /var/www/html/yii/framework/web/filters/CFilter.php(40): CFilterChain->run()
#9 /var/www/html/yii/framework/web/CController.php(1148): CFilter->filter(Object(CFilterChain))
#10 /var/www/html/yii/framework/web/filters/CInlineFilter.php(58): CController->filterAccessControl(Object(CFilterChain))
#11 /var/www/html/yii/framework/web/filters/CFilterChain.php(131): CInlineFilter->filter(Object(CFilterChain))
#12 /var/www/html/yii/framework/web/CController.php(291): CFilterChain->run()
#13 /var/www/html/yii/framework/web/CController.php(265): CController->runActionWithFilters(Object(CInlineAction), Array)
#14 /var/www/html/yii/framework/web/CWebApplication.php(282): CController->run('index')
#15 /var/www/html/yii/framework/web/CWebApplication.php(141): CWebApplication->runController('activeRecordLog...')
#16 /var/www/html/yii/framework/base/CApplication.php(185): CWebApplication->processRequest()
#17 /var/www/html/tareas/index.php(13): CApplication->run()
#18 {main}
REQUEST_URI=/tareas/activeRecordLog/index
---
2020/06/05 14:23:44 [error] [php] count(): Parameter must be an array or an object that implements Countable (/var/www/html/yii/framework/gii/generators/model/ModelCode.php:371)
Stack trace:
#0 /var/www/html/yii/framework/gii/CCodeGenerator.php(162): ModelCode->prepare()
#1 /var/www/html/yii/framework/gii/CCodeGenerator.php(63): ModelGenerator->prepare()
#2 /var/www/html/yii/framework/web/actions/CInlineAction.php(49): ModelGenerator->actionIndex()
#3 /var/www/html/yii/framework/web/CController.php(308): CInlineAction->runWithParams()
#4 /var/www/html/yii/framework/web/CController.php(286): ModelGenerator->runAction()
#5 /var/www/html/yii/framework/web/CController.php(265): ModelGenerator->runActionWithFilters()
#6 /var/www/html/yii/framework/web/CWebApplication.php(282): ModelGenerator->run()
#7 /var/www/html/yii/framework/web/CWebApplication.php(141): CWebApplication->runController()
#8 /var/www/html/yii/framework/base/CApplication.php(185): CWebApplication->processRequest()
#9 /var/www/html/tareas/index.php(13): CWebApplication->run()
REQUEST_URI=/tareas/gii/model/index
in /var/www/html/tareas/index.php (13)
2020/06/05 14:24:08 [error] [php] count(): Parameter must be an array or an object that implements Countable (/var/www/html/yii/framework/gii/generators/model/ModelCode.php:371)
Stack trace:
#0 /var/www/html/yii/framework/gii/CCodeGenerator.php(162): ModelCode->prepare()
#1 /var/www/html/yii/framework/gii/CCodeGenerator.php(63): ModelGenerator->prepare()
#2 /var/www/html/yii/framework/web/actions/CInlineAction.php(49): ModelGenerator->actionIndex()
#3 /var/www/html/yii/framework/web/CController.php(308): CInlineAction->runWithParams()
#4 /var/www/html/yii/framework/web/CController.php(286): ModelGenerator->runAction()
#5 /var/www/html/yii/framework/web/CController.php(265): ModelGenerator->runActionWithFilters()
#6 /var/www/html/yii/framework/web/CWebApplication.php(282): ModelGenerator->run()
#7 /var/www/html/yii/framework/web/CWebApplication.php(141): CWebApplication->runController()
#8 /var/www/html/yii/framework/base/CApplication.php(185): CWebApplication->processRequest()
#9 /var/www/html/tareas/index.php(13): CWebApplication->run()
REQUEST_URI=/tareas/gii/model/index
in /var/www/html/tareas/index.php (13)
2020/06/05 14:37:07 [error] [php] count(): Parameter must be an array or an object that implements Countable (/var/www/html/yii/framework/gii/generators/model/ModelCode.php:371)
Stack trace:
#0 /var/www/html/yii/framework/gii/CCodeGenerator.php(162): ModelCode->prepare()
#1 /var/www/html/yii/framework/gii/CCodeGenerator.php(63): ModelGenerator->prepare()
#2 /var/www/html/yii/framework/web/actions/CInlineAction.php(49): ModelGenerator->actionIndex()
#3 /var/www/html/yii/framework/web/CController.php(308): CInlineAction->runWithParams()
#4 /var/www/html/yii/framework/web/CController.php(286): ModelGenerator->runAction()
#5 /var/www/html/yii/framework/web/CController.php(265): ModelGenerator->runActionWithFilters()
#6 /var/www/html/yii/framework/web/CWebApplication.php(282): ModelGenerator->run()
#7 /var/www/html/yii/framework/web/CWebApplication.php(141): CWebApplication->runController()
#8 /var/www/html/yii/framework/base/CApplication.php(185): CWebApplication->processRequest()
#9 /var/www/html/tareas/index.php(13): CWebApplication->run()
REQUEST_URI=/tareas/gii/model/index
in /var/www/html/tareas/index.php (13)
2020/06/05 14:57:48 [error] [php] Undefined variable: subMenu (/var/www/html/tareas/protected/views/estadoTarea/index.php:16)
Stack trace:
#0 /var/www/html/yii/framework/web/CController.php(872): EstadoTareaController->renderFile()
#1 /var/www/html/yii/framework/web/CController.php(785): EstadoTareaController->renderPartial()
#2 /var/www/html/tareas/protected/controllers/EstadoTareaController.php(130): EstadoTareaController->render()
#3 /var/www/html/yii/framework/web/actions/CInlineAction.php(49): EstadoTareaController->actionIndex()
#4 /var/www/html/yii/framework/web/CController.php(308): CInlineAction->runWithParams()
#5 /var/www/html/yii/framework/web/filters/CFilterChain.php(134): EstadoTareaController->runAction()
#6 /var/www/html/yii/framework/web/filters/CFilter.php(40): CFilterChain->run()
#7 /var/www/html/yii/framework/web/CController.php(1148): CAccessControlFilter->filter()
#8 /var/www/html/yii/framework/web/filters/CInlineFilter.php(58): EstadoTareaController->filterAccessControl()
#9 /var/www/html/yii/framework/web/filters/CFilterChain.php(131): CInlineFilter->filter()
#10 /var/www/html/yii/framework/web/CController.php(291): CFilterChain->run()
#11 /var/www/html/yii/framework/web/CController.php(265): EstadoTareaController->runActionWithFilters()
#12 /var/www/html/yii/framework/web/CWebApplication.php(282): EstadoTareaController->run()
#13 /var/www/html/yii/framework/web/CWebApplication.php(141): CWebApplication->runController()
#14 /var/www/html/yii/framework/base/CApplication.php(185): CWebApplication->processRequest()
#15 /var/www/html/tareas/index.php(13): CWebApplication->run()
REQUEST_URI=/tareas/estadoTarea/index
in /var/www/html/tareas/protected/views/estadoTarea/index.php (16)
in /var/www/html/tareas/protected/controllers/EstadoTareaController.php (130)
in /var/www/html/tareas/index.php (13)
2020/06/05 15:01:28 [error] [exception.CHttpException.403] CHttpException: Usted no se encuentra autorizado a realizar esta acción. in /var/www/html/yii/framework/web/auth/CAccessControlFilter.php:183
Stack trace:
#0 /var/www/html/yii/framework/web/auth/CAccessControlFilter.php(145): CAccessControlFilter->accessDenied(Object(CWebUser), 'Usted no se enc...')
#1 /var/www/html/yii/framework/web/filters/CFilter.php(38): CAccessControlFilter->preFilter(Object(CFilterChain))
#2 /var/www/html/yii/framework/web/CController.php(1148): CFilter->filter(Object(CFilterChain))
#3 /var/www/html/yii/framework/web/filters/CInlineFilter.php(58): CController->filterAccessControl(Object(CFilterChain))
#4 /var/www/html/yii/framework/web/filters/CFilterChain.php(131): CInlineFilter->filter(Object(CFilterChain))
#5 /var/www/html/yii/framework/web/CController.php(291): CFilterChain->run()
#6 /var/www/html/yii/framework/web/CController.php(265): CController->runActionWithFilters(Object(CInlineAction), Array)
#7 /var/www/html/yii/framework/web/CWebApplication.php(282): CController->run('view')
#8 /var/www/html/yii/framework/web/CWebApplication.php(141): CWebApplication->runController('estadoTarea/vie...')
#9 /var/www/html/yii/framework/base/CApplication.php(185): CWebApplication->processRequest()
#10 /var/www/html/tareas/index.php(13): CApplication->run()
#11 {main}
REQUEST_URI=/tareas/estadoTarea/1
HTTP_REFERER=http://localhost/tareas/estadoTarea/create
---
2020/06/05 15:04:03 [error] [exception.CHttpException.403] CHttpException: Usted no se encuentra autorizado a realizar esta acción. in /var/www/html/yii/framework/web/auth/CAccessControlFilter.php:183
Stack trace:
#0 /var/www/html/yii/framework/web/auth/CAccessControlFilter.php(145): CAccessControlFilter->accessDenied(Object(CWebUser), 'Usted no se enc...')
#1 /var/www/html/yii/framework/web/filters/CFilter.php(38): CAccessControlFilter->preFilter(Object(CFilterChain))
#2 /var/www/html/yii/framework/web/CController.php(1148): CFilter->filter(Object(CFilterChain))
#3 /var/www/html/yii/framework/web/filters/CInlineFilter.php(58): CController->filterAccessControl(Object(CFilterChain))
#4 /var/www/html/yii/framework/web/filters/CFilterChain.php(131): CInlineFilter->filter(Object(CFilterChain))
#5 /var/www/html/yii/framework/web/CController.php(291): CFilterChain->run()
#6 /var/www/html/yii/framework/web/CController.php(265): CController->runActionWithFilters(Object(CInlineAction), Array)
#7 /var/www/html/yii/framework/web/CWebApplication.php(282): CController->run('view')
#8 /var/www/html/yii/framework/web/CWebApplication.php(141): CWebApplication->runController('estadoTarea/vie...')
#9 /var/www/html/yii/framework/base/CApplication.php(185): CWebApplication->processRequest()
#10 /var/www/html/tareas/index.php(13): CApplication->run()
#11 {main}
REQUEST_URI=/tareas/estadoTarea/3
HTTP_REFERER=http://localhost/tareas/estadoTarea/index
---
2020/06/05 15:43:22 [error] [php] Undefined variable: subMenu (/var/www/html/tareas/protected/views/registroTarea/index.php:17)
Stack trace:
#0 /var/www/html/yii/framework/web/CController.php(872): RegistroTareaController->renderFile()
#1 /var/www/html/yii/framework/web/CController.php(785): RegistroTareaController->renderPartial()
#2 /var/www/html/tareas/protected/controllers/RegistroTareaController.php(121): RegistroTareaController->render()
#3 /var/www/html/yii/framework/web/actions/CInlineAction.php(49): RegistroTareaController->actionIndex()
#4 /var/www/html/yii/framework/web/CController.php(308): CInlineAction->runWithParams()
#5 /var/www/html/yii/framework/web/filters/CFilterChain.php(134): RegistroTareaController->runAction()
#6 /var/www/html/yii/framework/web/filters/CFilter.php(40): CFilterChain->run()
#7 /var/www/html/yii/framework/web/CController.php(1148): CAccessControlFilter->filter()
#8 /var/www/html/yii/framework/web/filters/CInlineFilter.php(58): RegistroTareaController->filterAccessControl()
#9 /var/www/html/yii/framework/web/filters/CFilterChain.php(131): CInlineFilter->filter()
#10 /var/www/html/yii/framework/web/CController.php(291): CFilterChain->run()
#11 /var/www/html/yii/framework/web/CController.php(265): RegistroTareaController->runActionWithFilters()
#12 /var/www/html/yii/framework/web/CWebApplication.php(282): RegistroTareaController->run()
#13 /var/www/html/yii/framework/web/CWebApplication.php(141): CWebApplication->runController()
#14 /var/www/html/yii/framework/base/CApplication.php(185): CWebApplication->processRequest()
#15 /var/www/html/tareas/index.php(13): CWebApplication->run()
REQUEST_URI=/tareas/registroTarea/index
in /var/www/html/tareas/protected/views/registroTarea/index.php (17)
in /var/www/html/tareas/protected/controllers/RegistroTareaController.php (121)
in /var/www/html/tareas/index.php (13)
2020/06/05 15:56:23 [error] [php] Undefined variable: estado (/var/www/html/tareas/protected/views/registroTarea/create.php:11)
Stack trace:
#0 /var/www/html/yii/framework/web/CController.php(872): RegistroTareaController->renderFile()
#1 /var/www/html/yii/framework/web/CController.php(785): RegistroTareaController->renderPartial()
#2 /var/www/html/tareas/protected/controllers/RegistroTareaController.php(76): RegistroTareaController->render()
#3 /var/www/html/yii/framework/web/actions/CInlineAction.php(49): RegistroTareaController->actionCreate()
#4 /var/www/html/yii/framework/web/CController.php(308): CInlineAction->runWithParams()
#5 /var/www/html/yii/framework/web/filters/CFilterChain.php(134): RegistroTareaController->runAction()
#6 /var/www/html/yii/framework/web/filters/CFilter.php(40): CFilterChain->run()
#7 /var/www/html/yii/framework/web/CController.php(1148): CAccessControlFilter->filter()
#8 /var/www/html/yii/framework/web/filters/CInlineFilter.php(58): RegistroTareaController->filterAccessControl()
#9 /var/www/html/yii/framework/web/filters/CFilterChain.php(131): CInlineFilter->filter()
#10 /var/www/html/yii/framework/web/CController.php(291): CFilterChain->run()
#11 /var/www/html/yii/framework/web/CController.php(265): RegistroTareaController->runActionWithFilters()
#12 /var/www/html/yii/framework/web/CWebApplication.php(282): RegistroTareaController->run()
#13 /var/www/html/yii/framework/web/CWebApplication.php(141): CWebApplication->runController()
#14 /var/www/html/yii/framework/base/CApplication.php(185): CWebApplication->processRequest()
#15 /var/www/html/tareas/index.php(13): CWebApplication->run()
REQUEST_URI=/tareas/registroTarea/create
in /var/www/html/tareas/protected/views/registroTarea/create.php (11)
in /var/www/html/tareas/protected/controllers/RegistroTareaController.php (76)
in /var/www/html/tareas/index.php (13)
2020/06/05 15:57:38 [error] [php] include(Chtml.php): failed to open stream: No such file or directory (/var/www/html/yii/framework/YiiBase.php:432)
Stack trace:
#0 /var/www/html/tareas/protected/controllers/RegistroTareaController.php(70): spl_autoload_call()
#1 /var/www/html/yii/framework/web/actions/CInlineAction.php(49): RegistroTareaController->actionCreate()
#2 /var/www/html/yii/framework/web/CController.php(308): CInlineAction->runWithParams()
#3 /var/www/html/yii/framework/web/filters/CFilterChain.php(134): RegistroTareaController->runAction()
#4 /var/www/html/yii/framework/web/filters/CFilter.php(40): CFilterChain->run()
#5 /var/www/html/yii/framework/web/CController.php(1148): CAccessControlFilter->filter()
#6 /var/www/html/yii/framework/web/filters/CInlineFilter.php(58): RegistroTareaController->filterAccessControl()
#7 /var/www/html/yii/framework/web/filters/CFilterChain.php(131): CInlineFilter->filter()
#8 /var/www/html/yii/framework/web/CController.php(291): CFilterChain->run()
#9 /var/www/html/yii/framework/web/CController.php(265): RegistroTareaController->runActionWithFilters()
#10 /var/www/html/yii/framework/web/CWebApplication.php(282): RegistroTareaController->run()
#11 /var/www/html/yii/framework/web/CWebApplication.php(141): CWebApplication->runController()
#12 /var/www/html/yii/framework/base/CApplication.php(185): CWebApplication->processRequest()
#13 /var/www/html/tareas/index.php(13): CWebApplication->run()
REQUEST_URI=/tareas/registroTarea/create
in /var/www/html/tareas/protected/controllers/RegistroTareaController.php (70)
in /var/www/html/tareas/index.php (13)
2020/06/05 15:58:24 [error] [php] include(Chtml.php): failed to open stream: No such file or directory (/var/www/html/yii/framework/YiiBase.php:432)
Stack trace:
#0 /var/www/html/tareas/protected/controllers/RegistroTareaController.php(70): spl_autoload_call()
#1 /var/www/html/yii/framework/web/actions/CInlineAction.php(49): RegistroTareaController->actionCreate()
#2 /var/www/html/yii/framework/web/CController.php(308): CInlineAction->runWithParams()
#3 /var/www/html/yii/framework/web/filters/CFilterChain.php(134): RegistroTareaController->runAction()
#4 /var/www/html/yii/framework/web/filters/CFilter.php(40): CFilterChain->run()
#5 /var/www/html/yii/framework/web/CController.php(1148): CAccessControlFilter->filter()
#6 /var/www/html/yii/framework/web/filters/CInlineFilter.php(58): RegistroTareaController->filterAccessControl()
#7 /var/www/html/yii/framework/web/filters/CFilterChain.php(131): CInlineFilter->filter()
#8 /var/www/html/yii/framework/web/CController.php(291): CFilterChain->run()
#9 /var/www/html/yii/framework/web/CController.php(265): RegistroTareaController->runActionWithFilters()
#10 /var/www/html/yii/framework/web/CWebApplication.php(282): RegistroTareaController->run()
#11 /var/www/html/yii/framework/web/CWebApplication.php(141): CWebApplication->runController()
#12 /var/www/html/yii/framework/base/CApplication.php(185): CWebApplication->processRequest()
#13 /var/www/html/tareas/index.php(13): CWebApplication->run()
REQUEST_URI=/tareas/registroTarea/create
in /var/www/html/tareas/protected/controllers/RegistroTareaController.php (70)
in /var/www/html/tareas/index.php (13)
2020/06/05 15:58:49 [error] [php] include(Chtml.php): failed to open stream: No such file or directory (/var/www/html/yii/framework/YiiBase.php:432)
Stack trace:
#0 /var/www/html/tareas/protected/controllers/RegistroTareaController.php(71): spl_autoload_call()
#1 /var/www/html/yii/framework/web/actions/CInlineAction.php(49): RegistroTareaController->actionCreate()
#2 /var/www/html/yii/framework/web/CController.php(308): CInlineAction->runWithParams()
#3 /var/www/html/yii/framework/web/filters/CFilterChain.php(134): RegistroTareaController->runAction()
#4 /var/www/html/yii/framework/web/filters/CFilter.php(40): CFilterChain->run()
#5 /var/www/html/yii/framework/web/CController.php(1148): CAccessControlFilter->filter()
#6 /var/www/html/yii/framework/web/filters/CInlineFilter.php(58): RegistroTareaController->filterAccessControl()
#7 /var/www/html/yii/framework/web/filters/CFilterChain.php(131): CInlineFilter->filter()
#8 /var/www/html/yii/framework/web/CController.php(291): CFilterChain->run()
#9 /var/www/html/yii/framework/web/CController.php(265): RegistroTareaController->runActionWithFilters()
#10 /var/www/html/yii/framework/web/CWebApplication.php(282): RegistroTareaController->run()
#11 /var/www/html/yii/framework/web/CWebApplication.php(141): CWebApplication->runController()
#12 /var/www/html/yii/framework/base/CApplication.php(185): CWebApplication->processRequest()
#13 /var/www/html/tareas/index.php(13): CWebApplication->run()
REQUEST_URI=/tareas/registroTarea/create
in /var/www/html/tareas/protected/controllers/RegistroTareaController.php (71)
in /var/www/html/tareas/index.php (13)
2020/06/05 16:00:08 [error] [php] include(Chtml.php): failed to open stream: No such file or directory (/var/www/html/yii/framework/YiiBase.php:432)
Stack trace:
#0 /var/www/html/tareas/protected/controllers/RegistroTareaController.php(71): spl_autoload_call()
#1 /var/www/html/yii/framework/web/actions/CInlineAction.php(49): RegistroTareaController->actionCreate()
#2 /var/www/html/yii/framework/web/CController.php(308): CInlineAction->runWithParams()
#3 /var/www/html/yii/framework/web/filters/CFilterChain.php(134): RegistroTareaController->runAction()
#4 /var/www/html/yii/framework/web/filters/CFilter.php(40): CFilterChain->run()
#5 /var/www/html/yii/framework/web/CController.php(1148): CAccessControlFilter->filter()
#6 /var/www/html/yii/framework/web/filters/CInlineFilter.php(58): RegistroTareaController->filterAccessControl()
#7 /var/www/html/yii/framework/web/filters/CFilterChain.php(131): CInlineFilter->filter()
#8 /var/www/html/yii/framework/web/CController.php(291): CFilterChain->run()
#9 /var/www/html/yii/framework/web/CController.php(265): RegistroTareaController->runActionWithFilters()
#10 /var/www/html/yii/framework/web/CWebApplication.php(282): RegistroTareaController->run()
#11 /var/www/html/yii/framework/web/CWebApplication.php(141): CWebApplication->runController()
#12 /var/www/html/yii/framework/base/CApplication.php(185): CWebApplication->processRequest()
#13 /var/www/html/tareas/index.php(13): CWebApplication->run()
REQUEST_URI=/tareas/registroTarea/create
in /var/www/html/tareas/protected/controllers/RegistroTareaController.php (71)
in /var/www/html/tareas/index.php (13)
2020/06/05 16:00:42 [error] [php] include(Chtml.php): failed to open stream: No such file or directory (/var/www/html/yii/framework/YiiBase.php:432)
Stack trace:
#0 /var/www/html/tareas/protected/controllers/RegistroTareaController.php(71): spl_autoload_call()
#1 /var/www/html/yii/framework/web/actions/CInlineAction.php(49): RegistroTareaController->actionCreate()
#2 /var/www/html/yii/framework/web/CController.php(308): CInlineAction->runWithParams()
#3 /var/www/html/yii/framework/web/filters/CFilterChain.php(134): RegistroTareaController->runAction()
#4 /var/www/html/yii/framework/web/filters/CFilter.php(40): CFilterChain->run()
#5 /var/www/html/yii/framework/web/CController.php(1148): CAccessControlFilter->filter()
#6 /var/www/html/yii/framework/web/filters/CInlineFilter.php(58): RegistroTareaController->filterAccessControl()
#7 /var/www/html/yii/framework/web/filters/CFilterChain.php(131): CInlineFilter->filter()
#8 /var/www/html/yii/framework/web/CController.php(291): CFilterChain->run()
#9 /var/www/html/yii/framework/web/CController.php(265): RegistroTareaController->runActionWithFilters()
#10 /var/www/html/yii/framework/web/CWebApplication.php(282): RegistroTareaController->run()
#11 /var/www/html/yii/framework/web/CWebApplication.php(141): CWebApplication->runController()
#12 /var/www/html/yii/framework/base/CApplication.php(185): CWebApplication->processRequest()
#13 /var/www/html/tareas/index.php(13): CWebApplication->run()
REQUEST_URI=/tareas/registroTarea/create
in /var/www/html/tareas/protected/controllers/RegistroTareaController.php (71)
in /var/www/html/tareas/index.php (13)
2020/06/05 16:01:37 [error] [php] include(Chtml.php): failed to open stream: No such file or directory (/var/www/html/yii/framework/YiiBase.php:432)
Stack trace:
#0 /var/www/html/tareas/protected/controllers/RegistroTareaController.php(70): spl_autoload_call()
#1 /var/www/html/yii/framework/web/actions/CInlineAction.php(49): RegistroTareaController->actionCreate()
#2 /var/www/html/yii/framework/web/CController.php(308): CInlineAction->runWithParams()
#3 /var/www/html/yii/framework/web/filters/CFilterChain.php(134): RegistroTareaController->runAction()
#4 /var/www/html/yii/framework/web/filters/CFilter.php(40): CFilterChain->run()
#5 /var/www/html/yii/framework/web/CController.php(1148): CAccessControlFilter->filter()
#6 /var/www/html/yii/framework/web/filters/CInlineFilter.php(58): RegistroTareaController->filterAccessControl()
#7 /var/www/html/yii/framework/web/filters/CFilterChain.php(131): CInlineFilter->filter()
#8 /var/www/html/yii/framework/web/CController.php(291): CFilterChain->run()
#9 /var/www/html/yii/framework/web/CController.php(265): RegistroTareaController->runActionWithFilters()
#10 /var/www/html/yii/framework/web/CWebApplication.php(282): RegistroTareaController->run()
#11 /var/www/html/yii/framework/web/CWebApplication.php(141): CWebApplication->runController()
#12 /var/www/html/yii/framework/base/CApplication.php(185): CWebApplication->processRequest()
#13 /var/www/html/tareas/index.php(13): CWebApplication->run()
REQUEST_URI=/tareas/registroTarea/create
in /var/www/html/tareas/protected/controllers/RegistroTareaController.php (70)
in /var/www/html/tareas/index.php (13)
2020/06/05 16:11:01 [error] [php] include(CategoriaEjercicio.php): failed to open stream: No such file or directory (/var/www/html/yii/framework/YiiBase.php:432)
Stack trace:
#0 /var/www/html/tareas/protected/controllers/RegistroTareaController.php(69): spl_autoload_call()
#1 /var/www/html/yii/framework/web/actions/CInlineAction.php(49): RegistroTareaController->actionCreate()
#2 /var/www/html/yii/framework/web/CController.php(308): CInlineAction->runWithParams()
#3 /var/www/html/yii/framework/web/filters/CFilterChain.php(134): RegistroTareaController->runAction()
#4 /var/www/html/yii/framework/web/filters/CFilter.php(40): CFilterChain->run()
#5 /var/www/html/yii/framework/web/CController.php(1148): CAccessControlFilter->filter()
#6 /var/www/html/yii/framework/web/filters/CInlineFilter.php(58): RegistroTareaController->filterAccessControl()
#7 /var/www/html/yii/framework/web/filters/CFilterChain.php(131): CInlineFilter->filter()
#8 /var/www/html/yii/framework/web/CController.php(291): CFilterChain->run()
#9 /var/www/html/yii/framework/web/CController.php(265): RegistroTareaController->runActionWithFilters()
#10 /var/www/html/yii/framework/web/CWebApplication.php(282): RegistroTareaController->run()
#11 /var/www/html/yii/framework/web/CWebApplication.php(141): CWebApplication->runController()
#12 /var/www/html/yii/framework/base/CApplication.php(185): CWebApplication->processRequest()
#13 /var/www/html/tareas/index.php(13): CWebApplication->run()
REQUEST_URI=/tareas/registroTarea/create
in /var/www/html/tareas/protected/controllers/RegistroTareaController.php (69)
in /var/www/html/tareas/index.php (13)
2020/06/05 16:25:18 [error] [exception.CException] CException: La propiedad "ActiveRecordLog"."idModel" no se encuentra definida. in /var/www/html/yii/framework/base/CComponent.php:173
Stack trace:
#0 /var/www/html/yii/framework/db/ar/CActiveRecord.php(162): CComponent->__set('idModel', '1')
#1 /var/www/html/tareas/protected/behaviors/ActiveRecordLogableBehavior.php(55): CActiveRecord->__set('idModel', '1')
#2 /var/www/html/yii/framework/base/CComponent.php(561): ActiveRecordLogableBehavior->afterSave(Object(CEvent))
#3 /var/www/html/yii/framework/db/ar/CActiveRecord.php(855): CComponent->raiseEvent('onaftersave', Object(CEvent))
#4 /var/www/html/yii/framework/db/ar/CActiveRecord.php(964): CActiveRecord->onAfterSave(Object(CEvent))
#5 /var/www/html/yii/framework/db/ar/CActiveRecord.php(1103): CActiveRecord->afterSave()
#6 /var/www/html/yii/framework/db/ar/CActiveRecord.php(811): CActiveRecord->insert(NULL)
#7 /var/www/html/tareas/protected/controllers/RegistroTareaController.php(76): CActiveRecord->save()
#8 /var/www/html/yii/framework/web/actions/CInlineAction.php(49): RegistroTareaController->actionCreate()
#9 /var/www/html/yii/framework/web/CController.php(308): CInlineAction->runWithParams(Array)
#10 /var/www/html/yii/framework/web/filters/CFilterChain.php(134): CController->runAction(Object(CInlineAction))
#11 /var/www/html/yii/framework/web/filters/CFilter.php(40): CFilterChain->run()
#12 /var/www/html/yii/framework/web/CController.php(1148): CFilter->filter(Object(CFilterChain))
#13 /var/www/html/yii/framework/web/filters/CInlineFilter.php(58): CController->filterAccessControl(Object(CFilterChain))
#14 /var/www/html/yii/framework/web/filters/CFilterChain.php(131): CInlineFilter->filter(Object(CFilterChain))
#15 /var/www/html/yii/framework/web/CController.php(291): CFilterChain->run()
#16 /var/www/html/yii/framework/web/CController.php(265): CController->runActionWithFilters(Object(CInlineAction), Array)
#17 /var/www/html/yii/framework/web/CWebApplication.php(282): CController->run('create')
#18 /var/www/html/yii/framework/web/CWebApplication.php(141): CWebApplication->runController('registroTarea/c...')
#19 /var/www/html/yii/framework/base/CApplication.php(185): CWebApplication->processRequest()
#20 /var/www/html/tareas/index.php(13): CApplication->run()
#21 {main}
REQUEST_URI=/tareas/registroTarea/create
HTTP_REFERER=http://localhost/tareas/registroTarea/create
---
2020/06/05 16:34:34 [error] [exception.CException] CException: La propiedad "Usuario"."id_usuario" no se encuentra definida. in /var/www/html/yii/framework/base/CComponent.php:130
Stack trace:
#0 /var/www/html/yii/framework/db/ar/CActiveRecord.php(145): CComponent->__get('id_usuario')
#1 /var/www/html/tareas/protected/views/usuarioPaciente/_form.php(79): CActiveRecord->__get('id_usuario')
#2 /var/www/html/yii/framework/web/CBaseController.php(126): require('/var/www/html/t...')
#3 /var/www/html/yii/framework/web/CBaseController.php(95): CBaseController->renderInternal('/var/www/html/t...', Array, true)
#4 /var/www/html/yii/framework/web/CController.php(872): CBaseController->renderFile('/var/www/html/t...', Array, true)
#5 /var/www/html/tareas/protected/views/usuarioPaciente/create.php(12): CController->renderPartial('_form', Array)
#6 /var/www/html/yii/framework/web/CBaseController.php(126): require('/var/www/html/t...')
#7 /var/www/html/yii/framework/web/CBaseController.php(95): CBaseController->renderInternal('/var/www/html/t...', Array, true)
#8 /var/www/html/yii/framework/web/CController.php(872): CBaseController->renderFile('/var/www/html/t...', Array, true)
#9 /var/www/html/yii/framework/web/CController.php(785): CController->renderPartial('create', Array, true)
#10 /var/www/html/tareas/protected/controllers/UsuarioPacienteController.php(147): CController->render('create', Array)
#11 /var/www/html/yii/framework/web/actions/CInlineAction.php(49): UsuarioPacienteController->actionCreate()
#12 /var/www/html/yii/framework/web/CController.php(308): CInlineAction->runWithParams(Array)
#13 /var/www/html/yii/framework/web/filters/CFilterChain.php(134): CController->runAction(Object(CInlineAction))
#14 /var/www/html/yii/framework/web/filters/CFilter.php(40): CFilterChain->run()
#15 /var/www/html/yii/framework/web/CController.php(1148): CFilter->filter(Object(CFilterChain))
#16 /var/www/html/yii/framework/web/filters/CInlineFilter.php(58): CController->filterAccessControl(Object(CFilterChain))
#17 /var/www/html/yii/framework/web/filters/CFilterChain.php(131): CInlineFilter->filter(Object(CFilterChain))
#18 /var/www/html/yii/framework/web/CController.php(291): CFilterChain->run()
#19 /var/www/html/yii/framework/web/CController.php(265): CController->runActionWithFilters(Object(CInlineAction), Array)
#20 /var/www/html/yii/framework/web/CWebApplication.php(282): CController->run('create')
#21 /var/www/html/yii/framework/web/CWebApplication.php(141): CWebApplication->runController('usuarioPaciente...')
#22 /var/www/html/yii/framework/base/CApplication.php(185): CWebApplication->processRequest()
#23 /var/www/html/tareas/index.php(13): CApplication->run()
#24 {main}
REQUEST_URI=/tareas/usuarioPaciente/create
HTTP_REFERER=http://localhost/tareas/
---
2020/06/05 16:35:26 [error] [exception.CException] CException: La propiedad "Usuario"."id_usuario" no se encuentra definida. in /var/www/html/yii/framework/base/CComponent.php:130
Stack trace:
#0 /var/www/html/yii/framework/db/ar/CActiveRecord.php(145): CComponent->__get('id_usuario')
#1 /var/www/html/tareas/protected/views/usuarioPaciente/_form.php(79): CActiveRecord->__get('id_usuario')
#2 /var/www/html/yii/framework/web/CBaseController.php(126): require('/var/www/html/t...')
#3 /var/www/html/yii/framework/web/CBaseController.php(95): CBaseController->renderInternal('/var/www/html/t...', Array, true)
#4 /var/www/html/yii/framework/web/CController.php(872): CBaseController->renderFile('/var/www/html/t...', Array, true)
#5 /var/www/html/tareas/protected/views/usuarioPaciente/create.php(12): CController->renderPartial('_form', Array)
#6 /var/www/html/yii/framework/web/CBaseController.php(126): require('/var/www/html/t...')
#7 /var/www/html/yii/framework/web/CBaseController.php(95): CBaseController->renderInternal('/var/www/html/t...', Array, true)
#8 /var/www/html/yii/framework/web/CController.php(872): CBaseController->renderFile('/var/www/html/t...', Array, true)
#9 /var/www/html/yii/framework/web/CController.php(785): CController->renderPartial('create', Array, true)
#10 /var/www/html/tareas/protected/controllers/UsuarioPacienteController.php(147): CController->render('create', Array)
#11 /var/www/html/yii/framework/web/actions/CInlineAction.php(49): UsuarioPacienteController->actionCreate()
#12 /var/www/html/yii/framework/web/CController.php(308): CInlineAction->runWithParams(Array)
#13 /var/www/html/yii/framework/web/filters/CFilterChain.php(134): CController->runAction(Object(CInlineAction))
#14 /var/www/html/yii/framework/web/filters/CFilter.php(40): CFilterChain->run()
#15 /var/www/html/yii/framework/web/CController.php(1148): CFilter->filter(Object(CFilterChain))
#16 /var/www/html/yii/framework/web/filters/CInlineFilter.php(58): CController->filterAccessControl(Object(CFilterChain))
#17 /var/www/html/yii/framework/web/filters/CFilterChain.php(131): CInlineFilter->filter(Object(CFilterChain))
#18 /var/www/html/yii/framework/web/CController.php(291): CFilterChain->run()
#19 /var/www/html/yii/framework/web/CController.php(265): CController->runActionWithFilters(Object(CInlineAction), Array)
#20 /var/www/html/yii/framework/web/CWebApplication.php(282): CController->run('create')
#21 /var/www/html/yii/framework/web/CWebApplication.php(141): CWebApplication->runController('usuarioPaciente...')
#22 /var/www/html/yii/framework/base/CApplication.php(185): CWebApplication->processRequest()
#23 /var/www/html/tareas/index.php(13): CApplication->run()
#24 {main}
REQUEST_URI=/tareas/usuarioPaciente/create
HTTP_REFERER=http://localhost/tareas/
---
2020/06/05 16:35:29 [error] [exception.CException] CException: La propiedad "Usuario"."id_usuario" no se encuentra definida. in /var/www/html/yii/framework/base/CComponent.php:130
Stack trace:
#0 /var/www/html/yii/framework/db/ar/CActiveRecord.php(145): CComponent->__get('id_usuario')
#1 /var/www/html/tareas/protected/views/usuarioPaciente/_form.php(79): CActiveRecord->__get('id_usuario')
#2 /var/www/html/yii/framework/web/CBaseController.php(126): require('/var/www/html/t...')
#3 /var/www/html/yii/framework/web/CBaseController.php(95): CBaseController->renderInternal('/var/www/html/t...', Array, true)
#4 /var/www/html/yii/framework/web/CController.php(872): CBaseController->renderFile('/var/www/html/t...', Array, true)
#5 /var/www/html/tareas/protected/views/usuarioPaciente/create.php(12): CController->renderPartial('_form', Array)
#6 /var/www/html/yii/framework/web/CBaseController.php(126): require('/var/www/html/t...')
#7 /var/www/html/yii/framework/web/CBaseController.php(95): CBaseController->renderInternal('/var/www/html/t...', Array, true)
#8 /var/www/html/yii/framework/web/CController.php(872): CBaseController->renderFile('/var/www/html/t...', Array, true)
#9 /var/www/html/yii/framework/web/CController.php(785): CController->renderPartial('create', Array, true)
#10 /var/www/html/tareas/protected/controllers/UsuarioPacienteController.php(147): CController->render('create', Array)
#11 /var/www/html/yii/framework/web/actions/CInlineAction.php(49): UsuarioPacienteController->actionCreate()
#12 /var/www/html/yii/framework/web/CController.php(308): CInlineAction->runWithParams(Array)
#13 /var/www/html/yii/framework/web/filters/CFilterChain.php(134): CController->runAction(Object(CInlineAction))
#14 /var/www/html/yii/framework/web/filters/CFilter.php(40): CFilterChain->run()
#15 /var/www/html/yii/framework/web/CController.php(1148): CFilter->filter(Object(CFilterChain))
#16 /var/www/html/yii/framework/web/filters/CInlineFilter.php(58): CController->filterAccessControl(Object(CFilterChain))
#17 /var/www/html/yii/framework/web/filters/CFilterChain.php(131): CInlineFilter->filter(Object(CFilterChain))
#18 /var/www/html/yii/framework/web/CController.php(291): CFilterChain->run()
#19 /var/www/html/yii/framework/web/CController.php(265): CController->runActionWithFilters(Object(CInlineAction), Array)
#20 /var/www/html/yii/framework/web/CWebApplication.php(282): CController->run('create')
#21 /var/www/html/yii/framework/web/CWebApplication.php(141): CWebApplication->runController('usuarioPaciente...')
#22 /var/www/html/yii/framework/base/CApplication.php(185): CWebApplication->processRequest()
#23 /var/www/html/tareas/index.php(13): CApplication->run()
#24 {main}
REQUEST_URI=/tareas/usuarioPaciente/create
---
2020/06/05 16:37:03 [error] [exception.CException] CException: La propiedad "Usuario"."id_usuario" no se encuentra definida. in /var/www/html/yii/framework/base/CComponent.php:130
Stack trace:
#0 /var/www/html/yii/framework/db/ar/CActiveRecord.php(145): CComponent->__get('id_usuario')
#1 /var/www/html/tareas/protected/views/usuarioPaciente/_form.php(79): CActiveRecord->__get('id_usuario')
#2 /var/www/html/yii/framework/web/CBaseController.php(126): require('/var/www/html/t...')
#3 /var/www/html/yii/framework/web/CBaseController.php(95): CBaseController->renderInternal('/var/www/html/t...', Array, true)
#4 /var/www/html/yii/framework/web/CController.php(872): CBaseController->renderFile('/var/www/html/t...', Array, true)
#5 /var/www/html/tareas/protected/views/usuarioPaciente/create.php(12): CController->renderPartial('_form', Array)
#6 /var/www/html/yii/framework/web/CBaseController.php(126): require('/var/www/html/t...')
#7 /var/www/html/yii/framework/web/CBaseController.php(95): CBaseController->renderInternal('/var/www/html/t...', Array, true)
#8 /var/www/html/yii/framework/web/CController.php(872): CBaseController->renderFile('/var/www/html/t...', Array, true)
#9 /var/www/html/yii/framework/web/CController.php(785): CController->renderPartial('create', Array, true)
#10 /var/www/html/tareas/protected/controllers/UsuarioPacienteController.php(147): CController->render('create', Array)
#11 /var/www/html/yii/framework/web/actions/CInlineAction.php(49): UsuarioPacienteController->actionCreate()
#12 /var/www/html/yii/framework/web/CController.php(308): CInlineAction->runWithParams(Array)
#13 /var/www/html/yii/framework/web/filters/CFilterChain.php(134): CController->runAction(Object(CInlineAction))
#14 /var/www/html/yii/framework/web/filters/CFilter.php(40): CFilterChain->run()
#15 /var/www/html/yii/framework/web/CController.php(1148): CFilter->filter(Object(CFilterChain))
#16 /var/www/html/yii/framework/web/filters/CInlineFilter.php(58): CController->filterAccessControl(Object(CFilterChain))
#17 /var/www/html/yii/framework/web/filters/CFilterChain.php(131): CInlineFilter->filter(Object(CFilterChain))
#18 /var/www/html/yii/framework/web/CController.php(291): CFilterChain->run()
#19 /var/www/html/yii/framework/web/CController.php(265): CController->runActionWithFilters(Object(CInlineAction), Array)
#20 /var/www/html/yii/framework/web/CWebApplication.php(282): CController->run('create')
#21 /var/www/html/yii/framework/web/CWebApplication.php(141): CWebApplication->runController('usuarioPaciente...')
#22 /var/www/html/yii/framework/base/CApplication.php(185): CWebApplication->processRequest()
#23 /var/www/html/tareas/index.php(13): CApplication->run()
#24 {main}
REQUEST_URI=/tareas/usuarioPaciente/create
---
2020/06/05 16:38:19 [error] [php] include(Pais.php): failed to open stream: No such file or directory (/var/www/html/yii/framework/YiiBase.php:432)
Stack trace:
#0 /var/www/html/tareas/protected/controllers/DatosGeneralesController.php(173): spl_autoload_call()
#1 unknown(0): DatosGeneralesController->actionInformacionGeneral()
#2 /var/www/html/yii/framework/web/actions/CAction.php(109): ReflectionMethod->invokeArgs()
#3 /var/www/html/yii/framework/web/actions/CInlineAction.php(47): CInlineAction->runWithParamsInternal()
#4 /var/www/html/yii/framework/web/CController.php(308): CInlineAction->runWithParams()
#5 /var/www/html/yii/framework/web/filters/CFilterChain.php(134): DatosGeneralesController->runAction()
#6 /var/www/html/yii/framework/web/filters/CFilter.php(40): CFilterChain->run()
#7 /var/www/html/yii/framework/web/CController.php(1148): CAccessControlFilter->filter()
#8 /var/www/html/yii/framework/web/filters/CInlineFilter.php(58): DatosGeneralesController->filterAccessControl()
#9 /var/www/html/yii/framework/web/filters/CFilterChain.php(131): CInlineFilter->filter()
#10 /var/www/html/yii/framework/web/CController.php(291): CFilterChain->run()
#11 /var/www/html/yii/framework/web/CController.php(265): DatosGeneralesController->runActionWithFilters()
#12 /var/www/html/yii/framework/web/CWebApplication.php(282): DatosGeneralesController->run()
#13 /var/www/html/yii/framework/web/CWebApplication.php(141): CWebApplication->runController()
#14 /var/www/html/yii/framework/base/CApplication.php(185): CWebApplication->processRequest()
#15 /var/www/html/tareas/index.php(13): CWebApplication->run()
REQUEST_URI=/tareas/datosGenerales/informacionGeneral/3
in /var/www/html/tareas/protected/controllers/DatosGeneralesController.php (173)
in /var/www/html/tareas/index.php (13)
2020/06/05 16:42:08 [error] [exception.CException] CException: La propiedad "Usuario"."id_usuario" no se encuentra definida. in /var/www/html/yii/framework/base/CComponent.php:130
Stack trace:
#0 /var/www/html/yii/framework/db/ar/CActiveRecord.php(145): CComponent->__get('id_usuario')
#1 /var/www/html/tareas/protected/views/usuarioPaciente/index.php(63): CActiveRecord->__get('id_usuario')
#2 /var/www/html/yii/framework/web/CBaseController.php(126): require('/var/www/html/t...')
#3 /var/www/html/yii/framework/web/CBaseController.php(95): CBaseController->renderInternal('/var/www/html/t...', Array, true)
#4 /var/www/html/yii/framework/web/CController.php(872): CBaseController->renderFile('/var/www/html/t...', Array, true)
#5 /var/www/html/yii/framework/web/CController.php(785): CController->renderPartial('index', Array, true)
#6 /var/www/html/tareas/protected/controllers/UsuarioPacienteController.php(292): CController->render('index', Array)
#7 /var/www/html/yii/framework/web/actions/CInlineAction.php(49): UsuarioPacienteController->actionIndex()
#8 /var/www/html/yii/framework/web/CController.php(308): CInlineAction->runWithParams(Array)
#9 /var/www/html/yii/framework/web/filters/CFilterChain.php(134): CController->runAction(Object(CInlineAction))
#10 /var/www/html/yii/framework/web/filters/CFilter.php(40): CFilterChain->run()
#11 /var/www/html/yii/framework/web/CController.php(1148): CFilter->filter(Object(CFilterChain))
#12 /var/www/html/yii/framework/web/filters/CInlineFilter.php(58): CController->filterAccessControl(Object(CFilterChain))
#13 /var/www/html/yii/framework/web/filters/CFilterChain.php(131): CInlineFilter->filter(Object(CFilterChain))
#14 /var/www/html/yii/framework/web/CController.php(291): CFilterChain->run()
#15 /var/www/html/yii/framework/web/CController.php(265): CController->runActionWithFilters(Object(CInlineAction), Array)
#16 /var/www/html/yii/framework/web/CWebApplication.php(282): CController->run('index')
#17 /var/www/html/yii/framework/web/CWebApplication.php(141): CWebApplication->runController('usuarioPaciente...')
#18 /var/www/html/yii/framework/base/CApplication.php(185): CWebApplication->processRequest()
#19 /var/www/html/tareas/index.php(13): CApplication->run()
#20 {main}
REQUEST_URI=/tareas/usuarioPaciente/index
HTTP_REFERER=http://localhost/tareas/datosGenerales/informacionGeneral/3
---
2020/06/05 16:44:51 [error] [exception.CException] CException: La propiedad "Usuario"."id_usuario" no se encuentra definida. in /var/www/html/yii/framework/base/CComponent.php:130
Stack trace:
#0 /var/www/html/yii/framework/db/ar/CActiveRecord.php(145): CComponent->__get('id_usuario')
#1 /var/www/html/yii/framework/base/CComponent.php(614) : eval()'d code(1): CActiveRecord->__get('id_usuario')
#2 /var/www/html/yii/framework/base/CComponent.php(614): eval()
#3 /var/www/html/yii/framework/web/auth/CAccessControlFilter.php(393): CComponent->evaluateExpression('isset(Yii::app(...', Array)
#4 /var/www/html/yii/framework/web/auth/CAccessControlFilter.php(289): CAccessRule->isExpressionMatched(Object(CWebUser))
#5 /var/www/html/yii/framework/web/auth/CAccessControlFilter.php(138): CAccessRule->isUserAllowed(Object(CWebUser), Object(UsuarioPacienteController), Object(CInlineAction), '127.0.0.1', 'GET')
#6 /var/www/html/yii/framework/web/filters/CFilter.php(38): CAccessControlFilter->preFilter(Object(CFilterChain))
#7 /var/www/html/yii/framework/web/CController.php(1148): CFilter->filter(Object(CFilterChain))
#8 /var/www/html/yii/framework/web/filters/CInlineFilter.php(58): CController->filterAccessControl(Object(CFilterChain))
#9 /var/www/html/yii/framework/web/filters/CFilterChain.php(131): CInlineFilter->filter(Object(CFilterChain))
#10 /var/www/html/yii/framework/web/CController.php(291): CFilterChain->run()
#11 /var/www/html/yii/framework/web/CController.php(265): CController->runActionWithFilters(Object(CInlineAction), Array)
#12 /var/www/html/yii/framework/web/CWebApplication.php(282): CController->run('informacionGene...')
#13 /var/www/html/yii/framework/web/CWebApplication.php(141): CWebApplication->runController('usuarioPaciente...')
#14 /var/www/html/yii/framework/base/CApplication.php(185): CWebApplication->processRequest()
#15 /var/www/html/tareas/index.php(13): CApplication->run()
#16 {main}
REQUEST_URI=/tareas/usuarioPaciente/informacionGeneral/3
HTTP_REFERER=http://localhost/tareas/
---
2020/06/05 16:48:06 [error] [exception.CHttpException.403] CHttpException: Usted no se encuentra autorizado a realizar esta acción. in /var/www/html/yii/framework/web/auth/CAccessControlFilter.php:183
Stack trace:
#0 /var/www/html/yii/framework/web/auth/CAccessControlFilter.php(145): CAccessControlFilter->accessDenied(Object(CWebUser), 'Usted no se enc...')
#1 /var/www/html/yii/framework/web/filters/CFilter.php(38): CAccessControlFilter->preFilter(Object(CFilterChain))
#2 /var/www/html/yii/framework/web/CController.php(1148): CFilter->filter(Object(CFilterChain))
#3 /var/www/html/yii/framework/web/filters/CInlineFilter.php(58): CController->filterAccessControl(Object(CFilterChain))
#4 /var/www/html/yii/framework/web/filters/CFilterChain.php(131): CInlineFilter->filter(Object(CFilterChain))
#5 /var/www/html/yii/framework/web/CController.php(291): CFilterChain->run()
#6 /var/www/html/yii/framework/web/CController.php(265): CController->runActionWithFilters(Object(CInlineAction), Array)
#7 /var/www/html/yii/framework/web/CWebApplication.php(282): CController->run('index')
#8 /var/www/html/yii/framework/web/CWebApplication.php(141): CWebApplication->runController('usuario/index')
#9 /var/www/html/yii/framework/base/CApplication.php(185): CWebApplication->processRequest()
#10 /var/www/html/tareas/index.php(13): CApplication->run()
#11 {main}
REQUEST_URI=/tareas/usuario/index
HTTP_REFERER=http://localhost/tareas/
---
